<?xml version="1.0" encoding="UTF-8"?>
<!-- Generated by org.testng.reporters.JUnitReportReporter -->
<testsuite hostname="LAPTOP-3H84A10O" failures="0" tests="3" name="org.openmrs.demo.test.TestNGBaseClass" time="0.029" errors="0" timestamp="2025-01-18T12:08:44 IST" skipped="0">
  <testcase classname="org.openmrs.demo.test.TestNGBaseClass" name="test2" time="0.005"/>
  <testcase classname="org.openmrs.demo.test.TestNGBaseClass" name="test3" time="0.005"/>
  <testcase classname="org.openmrs.demo.test.TestNGBaseClass" name="test1" time="0.019"/>
</testsuite> <!-- org.openmrs.demo.test.TestNGBaseClass -->
