<?xml version="1.0" encoding="UTF-8"?>
<!-- Generated by org.testng.reporters.JUnitReportReporter -->
<testsuite hostname="LAPTOP-3H84A10O" failures="0" tests="4" name="org.openmrs.demo.test.OpenMrsTestNGTest2" time="0.116" errors="0" timestamp="2024-10-10T11:12:36 IST" skipped="0">
  <testcase classname="org.openmrs.demo.test.OpenMrsTestNGTest2" name="registerpatient" time="0.029"/>
  <testcase classname="org.openmrs.demo.test.OpenMrsTestNGTest2" name="findPatient" time="0.029"/>
  <testcase classname="org.openmrs.demo.test.OpenMrsTestNGTest2" name="activateVisitsAndAddAttachments" time="0.029"/>
  <testcase classname="org.openmrs.demo.test.OpenMrsTestNGTest2" name="deletePatient" time="0.029"/>
</testsuite> <!-- org.openmrs.demo.test.OpenMrsTestNGTest2 -->
