<?xml version="1.0" encoding="UTF-8"?>
<!-- Generated by org.testng.reporters.JUnitReportReporter -->
<testsuite hostname="LAPTOP-3H84A10O" failures="0" tests="3" name="org.openmrs.demo.test.OpenMrsTestNGTest" time="0.003" errors="0" timestamp="2024-09-27T15:21:22 IST" skipped="1">
  <testcase classname="org.openmrs.demo.test.OpenMrsTestNGTest" name="registerpatient" time="0.001"/>
  <testcase classname="org.openmrs.demo.test.OpenMrsTestNGTest" name="findPatient" time="0.002"/>
  <testcase classname="org.openmrs.demo.test.OpenMrsTestNGTest" name="activateVisitsAndAddAttachments">
    <skipped/>
  </testcase> <!-- activateVisitsAndAddAttachments -->
</testsuite> <!-- org.openmrs.demo.test.OpenMrsTestNGTest -->
